info it worked if it ends with ok
verbose cli [ 'node',
verbose cli   '/Users/ncharass/local/node/bin/npm',
verbose cli   'install',
verbose cli   'foreman' ]
info using npm@1.0.15
info using node@v0.4.10-pre
verbose config file /Users/ncharass/.npmrc
verbose config file /Users/ncharass/local/node/etc/npmrc
silly testEngine { name: 'twaggregator',
silly testEngine   version: '0.0.1',
silly testEngine   dependencies: { express: '2.2.0' },
silly testEngine   _npmJsonOpts: 
silly testEngine    { file: '/Users/ncharass/MyProject/twaggregator/package.json',
silly testEngine      wscript: false,
silly testEngine      contributors: false,
silly testEngine      serverjs: false },
silly testEngine   _id: 'twaggregator@0.0.1',
silly testEngine   devDependencies: {},
silly testEngine   engines: { node: '*' },
silly testEngine   _engineSupported: true,
silly testEngine   _npmVersion: '1.0.15',
silly testEngine   _nodeVersion: 'v0.4.10-pre',
silly testEngine   _defaultsLoaded: true }
verbose caching /Users/ncharass/MyProject/twaggregator/package.json
verbose loadDefaults twaggregator@0.0.1
silly testEngine { name: 'express',
silly testEngine   description: 'Sinatra inspired web development framework',
silly testEngine   version: '2.2.0',
silly testEngine   author: 
silly testEngine    { name: 'TJ Holowaychuk',
silly testEngine      email: 'tj@vision-media.ca' },
silly testEngine   contributors: 
silly testEngine    [ { name: 'TJ Holowaychuk',
silly testEngine        email: 'tj@vision-media.ca' },
silly testEngine      { name: 'Aaron Heckmann',
silly testEngine        email: 'aaron.heckmann+github@gmail.com' },
silly testEngine      { name: 'Ciaran Jessup', email: 'ciaranj@gmail.com' },
silly testEngine      { name: 'Guillermo Rauch', email: 'rauchg@gmail.com' } ],
silly testEngine   dependencies: 
silly testEngine    { connect: '>= 1.2.0 < 2.0.0',
silly testEngine      mime: '>= 0.0.1',
silly testEngine      qs: '>= 0.0.6' },
silly testEngine   keywords: [ 'framework', 'sinatra', 'web', 'rest', 'restful' ],
silly testEngine   repository: 
silly testEngine    { type: 'git',
silly testEngine      url: 'git://github.com/visionmedia/express.git' },
silly testEngine   main: 'index',
silly testEngine   bin: { express: './bin/express' },
silly testEngine   engines: { node: '>= 0.4.1 < 0.5.0' },
silly testEngine   _npmJsonOpts: 
silly testEngine    { file: '/Users/ncharass/MyProject/twaggregator/node_modules/express/package.json',
silly testEngine      wscript: false,
silly testEngine      contributors: false,
silly testEngine      serverjs: false },
silly testEngine   _id: 'express@2.2.0',
silly testEngine   devDependencies: {},
silly testEngine   _engineSupported: true,
silly testEngine   _npmVersion: '1.0.15',
silly testEngine   _nodeVersion: 'v0.4.10-pre',
silly testEngine   _defaultsLoaded: true }
verbose caching /Users/ncharass/MyProject/twaggregator/node_modules/express/package.json
verbose loadDefaults express@2.2.0
verbose from cache /Users/ncharass/MyProject/twaggregator/package.json
verbose into /Users/ncharass/MyProject/twaggregator [ 'foreman' ]
verbose cache add [ 'foreman', null ]
info addNamed [ 'foreman', '' ]
verbose addNamed [ null, '' ]
verbose GET foreman
verbose raw, before any munging foreman
verbose url resolving [ 'http://registry.npmjs.org/', './foreman' ]
verbose url resolved http://registry.npmjs.org/foreman
verbose url parsed { protocol: 'http:',
verbose url parsed   slashes: true,
verbose url parsed   host: 'registry.npmjs.org',
verbose url parsed   hostname: 'registry.npmjs.org',
verbose url parsed   href: 'http://registry.npmjs.org/foreman',
verbose url parsed   pathname: '/foreman' }
verbose response http://registry.npmjs.org/foreman
silly chunk {"error":"not_found","reason":"document not found"}
silly chunk 
silly get cb [ 404,
silly get cb   { server: 'CouchDB/1.1.0 (Erlang OTP/R14B04)',
silly get cb     date: 'Sat, 26 Nov 2011 01:12:01 GMT',
silly get cb     'content-type': 'application/json',
silly get cb     'content-length': '52',
silly get cb     'cache-control': 'must-revalidate' } ]
ERR! 404 'foreman' is not in the npm registry.
ERR! 404 You should bug the author to publish it.
ERR! 404 Note that you can also install from a tarball or folder.
ERR! 
ERR! System Darwin 10.8.0
ERR! command "node" "/Users/ncharass/local/node/bin/npm" "install" "foreman"
verbose exit [ 1, true ]
